SF:lib/core/http_client/api_response.dart
DA:6,1
LF:1
LH:1
end_of_record
SF:lib/data/remote/movies.dart
DA:13,1
DA:15,1
DA:17,2
DA:19,2
DA:20,1
DA:21,3
DA:22,2
DA:26,1
LF:8
LH:8
end_of_record
SF:lib/model/movie.dart
DA:11,1
DA:22,1
DA:23,1
DA:24,1
DA:25,1
DA:26,1
DA:27,1
DA:28,1
DA:29,1
DA:30,1
DA:31,1
LF:11
LH:11
end_of_record
SF:lib/core/http_client/dio_client.dart
DA:12,0
DA:13,0
DA:14,0
DA:15,0
DA:16,0
DA:17,0
DA:18,0
DA:19,0
DA:23,0
DA:29,0
DA:32,0
DA:35,0
DA:36,0
DA:37,0
DA:38,0
LF:15
LH:0
end_of_record
SF:lib/core/errors/failure.dart
DA:4,0
DA:8,0
DA:9,0
DA:13,0
LF:4
LH:0
end_of_record
SF:lib/core/http_client/interceptors/auth_interceptor.dart
DA:5,0
DA:7,0
DA:8,0
DA:9,0
LF:4
LH:0
end_of_record
SF:lib/core/http_client/interceptors/pretty_dio_logger.dart
DA:20,0
DA:22,0
DA:23,0
DA:25,0
DA:26,0
DA:27,0
DA:28,0
DA:29,0
DA:30,0
DA:32,0
DA:34,0
DA:37,0
DA:38,0
DA:41,0
DA:43,0
DA:44,0
DA:45,0
DA:47,0
DA:48,0
DA:49,0
DA:50,0
DA:51,0
DA:52,0
DA:53,0
DA:56,0
DA:58,0
DA:59,0
DA:61,0
DA:62,0
DA:63,0
DA:64,0
DA:65,0
DA:67,0
DA:70,0
DA:72,0
DA:73,0
DA:74,0
DA:76,0
DA:79,0
DA:81,0
DA:82,0
DA:83,0
DA:87,0
DA:88,0
DA:89,0
LF:45
LH:0
end_of_record
