SF:lib/core/http_client/api_response.dart
DA:6,1
LF:1
LH:1
end_of_record
SF:lib/data/remote/movies.dart
DA:12,1
DA:14,1
DA:16,2
DA:18,2
DA:19,0
DA:20,0
DA:21,0
DA:25,1
LF:8
LH:5
end_of_record
SF:lib/model/movie.dart
DA:11,0
DA:22,0
DA:23,0
DA:24,0
DA:25,0
DA:26,0
DA:27,0
DA:28,0
DA:29,0
DA:30,0
DA:31,0
DA:35,0
DA:36,0
DA:37,0
DA:38,0
DA:39,0
DA:40,0
DA:41,0
DA:42,0
DA:43,0
DA:44,0
LF:21
LH:0
end_of_record
SF:lib/core/http_client/dio_client.dart
DA:8,0
DA:9,0
DA:10,0
DA:11,0
DA:12,0
DA:13,0
DA:16,0
DA:22,0
DA:25,0
DA:28,0
DA:29,0
DA:30,0
DA:31,0
LF:13
LH:0
end_of_record
SF:lib/core/errors/failure.dart
DA:4,0
DA:8,0
DA:9,0
DA:13,0
LF:4
LH:0
end_of_record
